<?xml version="1.0" encoding="UTF-8"?>
<testng-results skipped="0" failed="0" ignored="0" total="1" passed="1">
  <reporter-output>
  </reporter-output>
  <suite name="HybridFramework" duration-ms="94320" started-at="2020-04-18T17:07:14 EDT" finished-at="2020-04-18T17:08:48 EDT">
    <groups>
    </groups>
    <test name="E-commerce Test" duration-ms="94320" started-at="2020-04-18T17:07:14 EDT" finished-at="2020-04-18T17:08:48 EDT">
      <class name="test.TC_LoginTest_001">
        <test-method status="PASS" signature="setUp(java.lang.String)[pri:0, instance:test.TC_LoginTest_001@167fdd33]" name="setUp" is-config="true" duration-ms="52990" started-at="2020-04-18T17:07:14 EDT" finished-at="2020-04-18T17:08:07 EDT">
          <params>
            <param index="0">
              <value>
                <![CDATA[firefox]]>
              </value>
            </param>
          </params>
          <reporter-output>
          </reporter-output>
        </test-method> <!-- setUp -->
        <test-method status="PASS" signature="loginTest()[pri:0, instance:test.TC_LoginTest_001@167fdd33]" name="loginTest" duration-ms="41061" started-at="2020-04-18T17:08:07 EDT" finished-at="2020-04-18T17:08:48 EDT">
          <reporter-output>
          </reporter-output>
        </test-method> <!-- loginTest -->
        <test-method status="PASS" signature="tearDown()[pri:0, instance:test.TC_LoginTest_001@167fdd33]" name="tearDown" is-config="true" duration-ms="1" started-at="2020-04-18T17:08:48 EDT" finished-at="2020-04-18T17:08:48 EDT">
          <reporter-output>
          </reporter-output>
        </test-method> <!-- tearDown -->
      </class> <!-- test.TC_LoginTest_001 -->
    </test> <!-- E-commerce Test -->
  </suite> <!-- HybridFramework -->
</testng-results>
